# JRE version: Java(TM) SE Runtime Environment (8.0_171-b11) (build 1.8.0_171-b11)
# Java VM: Java HotSpot(TM) 64-Bit Server VM (25.171-b11 mixed mode windows-amd64 compressed oops)
Heap:
 PSYoungGen      total 203776K, used 12552K [0x000000076b500000, 0x000000077a100000, 0x00000007c0000000)
  eden space 190464K, 6% used [0x000000076b500000,0x000000076c1422b0,0x0000000776f00000)
  from space 13312K, 0% used [0x0000000777c00000,0x0000000777c00000,0x0000000778900000)
  to   space 13312K, 0% used [0x0000000776f00000,0x0000000776f00000,0x0000000777c00000)
 ParOldGen       total 151552K, used 14074K [0x00000006c1e00000, 0x00000006cb200000, 0x000000076b500000)
  object space 151552K, 9% used [0x00000006c1e00000,0x00000006c2bbe8a8,0x00000006cb200000)
 Metaspace       used 34636K, capacity 36734K, committed 36736K, reserved 1081344K
  class space    used 4592K, capacity 4991K, committed 4992K, reserved 1048576K
GC Heap History (10 events):
Event: 10.266 GC heap before
{Heap before GC invocations=4 (full 1):
 PSYoungGen      total 75776K, used 65526K [0x000000076b500000, 0x0000000774980000, 0x00000007c0000000)
  eden space 65536K, 99% used [0x000000076b500000,0x000000076f4fd8d0,0x000000076f500000)
  from space 10240K, 0% used [0x0000000773f80000,0x0000000773f80000,0x0000000774980000)
  to   space 10752K, 0% used [0x0000000773480000,0x0000000773480000,0x0000000773f00000)
 ParOldGen       total 108544K, used 9830K [0x00000006c1e00000, 0x00000006c8800000, 0x000000076b500000)
  object space 108544K, 9% used [0x00000006c1e00000,0x00000006c2799ba0,0x00000006c8800000)
 Metaspace       used 24013K, capacity 25118K, committed 25344K, reserved 1071104K
  class space    used 3021K, capacity 3278K, committed 3328K, reserved 1048576K
Event: 10.275 GC heap after
Heap after GC invocations=4 (full 1):
 PSYoungGen      total 106496K, used 5751K [0x000000076b500000, 0x0000000774000000, 0x00000007c0000000)
  eden space 100352K, 0% used [0x000000076b500000,0x000000076b500000,0x0000000771700000)
  from space 6144K, 93% used [0x0000000773480000,0x0000000773a1de40,0x0000000773a80000)
  to   space 5632K, 0% used [0x0000000773a80000,0x0000000773a80000,0x0000000774000000)
 ParOldGen       total 108544K, used 9838K [0x00000006c1e00000, 0x00000006c8800000, 0x000000076b500000)
  object space 108544K, 9% used [0x00000006c1e00000,0x00000006c279bba0,0x00000006c8800000)
 Metaspace       used 24013K, capacity 25118K, committed 25344K, reserved 1071104K
  class space    used 3021K, capacity 3278K, committed 3328K, reserved 1048576K
}
Event: 11.811 GC heap before
{Heap before GC invocations=5 (full 1):
 PSYoungGen      total 106496K, used 106103K [0x000000076b500000, 0x0000000774000000, 0x00000007c0000000)
  eden space 100352K, 100% used [0x000000076b500000,0x0000000771700000,0x0000000771700000)
  from space 6144K, 93% used [0x0000000773480000,0x0000000773a1de40,0x0000000773a80000)
  to   space 5632K, 0% used [0x0000000773a80000,0x0000000773a80000,0x0000000774000000)
 ParOldGen       total 108544K, used 9838K [0x00000006c1e00000, 0x00000006c8800000, 0x000000076b500000)
  object space 108544K, 9% used [0x00000006c1e00000,0x00000006c279bba0,0x00000006c8800000)
 Metaspace       used 26334K, capacity 27552K, committed 27648K, reserved 1073152K
  class space    used 3269K, capacity 3564K, committed 3584K, reserved 1048576K
Event: 11.824 GC heap after
Heap after GC invocations=5 (full 1):
 PSYoungGen      total 131584K, used 5622K [0x000000076b500000, 0x0000000775f80000, 0x00000007c0000000)
  eden space 125952K, 0% used [0x000000076b500000,0x000000076b500000,0x0000000773000000)
  from space 5632K, 99% used [0x0000000773a80000,0x0000000773ffd9b0,0x0000000774000000)
  to   space 10752K, 0% used [0x0000000773000000,0x0000000773000000,0x0000000773a80000)
 ParOldGen       total 108544K, used 11757K [0x00000006c1e00000, 0x00000006c8800000, 0x000000076b500000)
  object space 108544K, 10% used [0x00000006c1e00000,0x00000006c297b588,0x00000006c8800000)
 Metaspace       used 26334K, capacity 27552K, committed 27648K, reserved 1073152K
  class space    used 3269K, capacity 3564K, committed 3584K, reserved 1048576K
}
Event: 14.266 GC heap before
{Heap before GC invocations=6 (full 1):
 PSYoungGen      total 131584K, used 131574K [0x000000076b500000, 0x0000000775f80000, 0x00000007c0000000)
  eden space 125952K, 100% used [0x000000076b500000,0x0000000773000000,0x0000000773000000)
  from space 5632K, 99% used [0x0000000773a80000,0x0000000773ffd9b0,0x0000000774000000)
  to   space 10752K, 0% used [0x0000000773000000,0x0000000773000000,0x0000000773a80000)
 ParOldGen       total 108544K, used 11757K [0x00000006c1e00000, 0x00000006c8800000, 0x000000076b500000)
  object space 108544K, 10% used [0x00000006c1e00000,0x00000006c297b588,0x00000006c8800000)
 Metaspace       used 31563K, capacity 33124K, committed 33408K, reserved 1079296K
  class space    used 4104K, capacity 4446K, committed 4480K, reserved 1048576K
Event: 14.283 GC heap after
Heap after GC invocations=6 (full 1):
 PSYoungGen      total 136704K, used 10729K [0x000000076b500000, 0x0000000778900000, 0x00000007c0000000)
  eden space 125952K, 0% used [0x000000076b500000,0x000000076b500000,0x0000000773000000)
  from space 10752K, 99% used [0x0000000773000000,0x0000000773a7a470,0x0000000773a80000)
  to   space 13312K, 0% used [0x0000000777c00000,0x0000000777c00000,0x0000000778900000)
 ParOldGen       total 108544K, used 13742K [0x00000006c1e00000, 0x00000006c8800000, 0x000000076b500000)
  object space 108544K, 12% used [0x00000006c1e00000,0x00000006c2b6bbb0,0x00000006c8800000)
 Metaspace       used 31563K, capacity 33124K, committed 33408K, reserved 1079296K
  class space    used 4104K, capacity 4446K, committed 4480K, reserved 1048576K
}
Event: 15.044 GC heap before
{Heap before GC invocations=7 (full 1):
 PSYoungGen      total 136704K, used 47710K [0x000000076b500000, 0x0000000778900000, 0x00000007c0000000)
  eden space 125952K, 29% used [0x000000076b500000,0x000000076d91d5f8,0x0000000773000000)
  from space 10752K, 99% used [0x0000000773000000,0x0000000773a7a470,0x0000000773a80000)
  to   space 13312K, 0% used [0x0000000777c00000,0x0000000777c00000,0x0000000778900000)
 ParOldGen       total 108544K, used 13742K [0x00000006c1e00000, 0x00000006c8800000, 0x000000076b500000)
  object space 108544K, 12% used [0x00000006c1e00000,0x00000006c2b6bbb0,0x00000006c8800000)
 Metaspace       used 33658K, capacity 35310K, committed 35416K, reserved 1079296K
  class space    used 4431K, capacity 4803K, committed 4864K, reserved 1048576K
Event: 15.085 GC heap after
Heap after GC invocations=7 (full 1):
 PSYoungGen      total 203776K, used 9234K [0x000000076b500000, 0x000000077a100000, 0x00000007c0000000)
  eden space 190464K, 0% used [0x000000076b500000,0x000000076b500000,0x0000000776f00000)
  from space 13312K, 69% used [0x0000000777c00000,0x0000000778504a80,0x0000000778900000)
  to   space 13312K, 0% used [0x0000000776f00000,0x0000000776f00000,0x0000000777c00000)
 ParOldGen       total 108544K, used 13750K [0x00000006c1e00000, 0x00000006c8800000, 0x000000076b500000)
  object space 108544K, 12% used [0x00000006c1e00000,0x00000006c2b6dbb0,0x00000006c8800000)
 Metaspace       used 33658K, capacity 35310K, committed 35416K, reserved 1079296K
  class space    used 4431K, capacity 4803K, committed 4864K, reserved 1048576K
}
Event: 15.085 GC heap before
{Heap before GC invocations=8 (full 2):
 PSYoungGen      total 203776K, used 9234K [0x000000076b500000, 0x000000077a100000, 0x00000007c0000000)
  eden space 190464K, 0% used [0x000000076b500000,0x000000076b500000,0x0000000776f00000)
  from space 13312K, 69% used [0x0000000777c00000,0x0000000778504a80,0x0000000778900000)
  to   space 13312K, 0% used [0x0000000776f00000,0x0000000776f00000,0x0000000777c00000)
 ParOldGen       total 108544K, used 13750K [0x00000006c1e00000, 0x00000006c8800000, 0x000000076b500000)
  object space 108544K, 12% used [0x00000006c1e00000,0x00000006c2b6dbb0,0x00000006c8800000)
 Metaspace       used 33658K, capacity 35310K, committed 35416K, reserved 1079296K
  class space    used 4431K, capacity 4803K, committed 4864K, reserved 1048576K
Event: 15.166 GC heap after
Heap after GC invocations=8 (full 2):
 PSYoungGen      total 203776K, used 0K [0x000000076b500000, 0x000000077a100000, 0x00000007c0000000)
  eden space 190464K, 0% used [0x000000076b500000,0x000000076b500000,0x0000000776f00000)
  from space 13312K, 0% used [0x0000000777c00000,0x0000000777c00000,0x0000000778900000)
  to   space 13312K, 0% used [0x0000000776f00000,0x0000000776f00000,0x0000000777c00000)
 ParOldGen       total 151552K, used 14074K [0x00000006c1e00000, 0x00000006cb200000, 0x000000076b500000)
  object space 151552K, 9% used [0x00000006c1e00000,0x00000006c2bbe8a8,0x00000006cb200000)
 Metaspace       used 33658K, capacity 35310K, committed 35416K, reserved 1079296K
  class space    used 4431K, capacity 4803K, committed 4864K, reserved 1048576K
}

