# JRE version: Java(TM) SE Runtime Environment (8.0_171-b11) (build 1.8.0_171-b11)
# Java VM: Java HotSpot(TM) 64-Bit Server VM (25.171-b11 mixed mode windows-amd64 compressed oops)
Heap:
 PSYoungGen      total 184320K, used 27540K [0x000000076bb00000, 0x0000000777a80000, 0x00000007c0000000)
  eden space 172544K, 9% used [0x000000076bb00000,0x000000076cab3258,0x0000000776380000)
  from space 11776K, 97% used [0x0000000776380000,0x0000000776eb20d8,0x0000000776f00000)
  to   space 8704K, 0% used [0x0000000777200000,0x0000000777200000,0x0000000777a80000)
 ParOldGen       total 109056K, used 13927K [0x00000006c3000000, 0x00000006c9a80000, 0x000000076bb00000)
  object space 109056K, 12% used [0x00000006c3000000,0x00000006c3d99ed0,0x00000006c9a80000)
 Metaspace       used 44739K, capacity 47698K, committed 47944K, reserved 1091584K
  class space    used 5929K, capacity 6441K, committed 6528K, reserved 1048576K
GC Heap History (10 events):
Event: 3.376 GC heap before
{Heap before GC invocations=9 (full 1):
 PSYoungGen      total 75776K, used 70557K [0x000000076bb00000, 0x0000000774500000, 0x00000007c0000000)
  eden space 66048K, 100% used [0x000000076bb00000,0x000000076fb80000,0x000000076fb80000)
  from space 9728K, 46% used [0x000000076fb80000,0x000000076ffe7470,0x0000000770500000)
  to   space 9728K, 0% used [0x0000000773b80000,0x0000000773b80000,0x0000000774500000)
 ParOldGen       total 77824K, used 5626K [0x00000006c3000000, 0x00000006c7c00000, 0x000000076bb00000)
  object space 77824K, 7% used [0x00000006c3000000,0x00000006c357e908,0x00000006c7c00000)
 Metaspace       used 27308K, capacity 29122K, committed 29256K, reserved 1075200K
  class space    used 3497K, capacity 3867K, committed 3968K, reserved 1048576K
Event: 3.387 GC heap after
Heap after GC invocations=9 (full 1):
 PSYoungGen      total 127488K, used 7500K [0x000000076bb00000, 0x0000000774300000, 0x00000007c0000000)
  eden space 119808K, 0% used [0x000000076bb00000,0x000000076bb00000,0x0000000773000000)
  from space 7680K, 97% used [0x0000000773b80000,0x00000007742d32f8,0x0000000774300000)
  to   space 9728K, 0% used [0x0000000773000000,0x0000000773000000,0x0000000773980000)
 ParOldGen       total 77824K, used 5634K [0x00000006c3000000, 0x00000006c7c00000, 0x000000076bb00000)
  object space 77824K, 7% used [0x00000006c3000000,0x00000006c3580908,0x00000006c7c00000)
 Metaspace       used 27308K, capacity 29122K, committed 29256K, reserved 1075200K
  class space    used 3497K, capacity 3867K, committed 3968K, reserved 1048576K
}
Event: 4.758 GC heap before
{Heap before GC invocations=10 (full 1):
 PSYoungGen      total 127488K, used 127308K [0x000000076bb00000, 0x0000000774300000, 0x00000007c0000000)
  eden space 119808K, 100% used [0x000000076bb00000,0x0000000773000000,0x0000000773000000)
  from space 7680K, 97% used [0x0000000773b80000,0x00000007742d32f8,0x0000000774300000)
  to   space 9728K, 0% used [0x0000000773000000,0x0000000773000000,0x0000000773980000)
 ParOldGen       total 77824K, used 5634K [0x00000006c3000000, 0x00000006c7c00000, 0x000000076bb00000)
  object space 77824K, 7% used [0x00000006c3000000,0x00000006c3580908,0x00000006c7c00000)
 Metaspace       used 32142K, capacity 34252K, committed 34376K, reserved 1079296K
  class space    used 4273K, capacity 4678K, committed 4736K, reserved 1048576K
Event: 4.769 GC heap after
Heap after GC invocations=10 (full 1):
 PSYoungGen      total 129536K, used 9716K [0x000000076bb00000, 0x0000000777d80000, 0x00000007c0000000)
  eden space 119808K, 0% used [0x000000076bb00000,0x000000076bb00000,0x0000000773000000)
  from space 9728K, 99% used [0x0000000773000000,0x000000077397d368,0x0000000773980000)
  to   space 11776K, 0% used [0x0000000777200000,0x0000000777200000,0x0000000777d80000)
 ParOldGen       total 77824K, used 8105K [0x00000006c3000000, 0x00000006c7c00000, 0x000000076bb00000)
  object space 77824K, 10% used [0x00000006c3000000,0x00000006c37ea5f0,0x00000006c7c00000)
 Metaspace       used 32142K, capacity 34252K, committed 34376K, reserved 1079296K
  class space    used 4273K, capacity 4678K, committed 4736K, reserved 1048576K
}
Event: 5.550 GC heap before
{Heap before GC invocations=11 (full 1):
 PSYoungGen      total 129536K, used 44613K [0x000000076bb00000, 0x0000000777d80000, 0x00000007c0000000)
  eden space 119808K, 29% used [0x000000076bb00000,0x000000076dd142a8,0x0000000773000000)
  from space 9728K, 99% used [0x0000000773000000,0x000000077397d368,0x0000000773980000)
  to   space 11776K, 0% used [0x0000000777200000,0x0000000777200000,0x0000000777d80000)
 ParOldGen       total 77824K, used 8105K [0x00000006c3000000, 0x00000006c7c00000, 0x000000076bb00000)
  object space 77824K, 10% used [0x00000006c3000000,0x00000006c37ea5f0,0x00000006c7c00000)
 Metaspace       used 34107K, capacity 36402K, committed 36552K, reserved 1081344K
  class space    used 4555K, capacity 5011K, committed 5120K, reserved 1048576K
Event: 5.559 GC heap after
Heap after GC invocations=11 (full 1):
 PSYoungGen      total 181248K, used 5143K [0x000000076bb00000, 0x0000000777a80000, 0x00000007c0000000)
  eden space 172544K, 0% used [0x000000076bb00000,0x000000076bb00000,0x0000000776380000)
  from space 8704K, 59% used [0x0000000777200000,0x0000000777705f90,0x0000000777a80000)
  to   space 11776K, 0% used [0x0000000776380000,0x0000000776380000,0x0000000776f00000)
 ParOldGen       total 77824K, used 10840K [0x00000006c3000000, 0x00000006c7c00000, 0x000000076bb00000)
  object space 77824K, 13% used [0x00000006c3000000,0x00000006c3a96000,0x00000006c7c00000)
 Metaspace       used 34107K, capacity 36402K, committed 36552K, reserved 1081344K
  class space    used 4555K, capacity 5011K, committed 5120K, reserved 1048576K
}
Event: 5.559 GC heap before
{Heap before GC invocations=12 (full 2):
 PSYoungGen      total 181248K, used 5143K [0x000000076bb00000, 0x0000000777a80000, 0x00000007c0000000)
  eden space 172544K, 0% used [0x000000076bb00000,0x000000076bb00000,0x0000000776380000)
  from space 8704K, 59% used [0x0000000777200000,0x0000000777705f90,0x0000000777a80000)
  to   space 11776K, 0% used [0x0000000776380000,0x0000000776380000,0x0000000776f00000)
 ParOldGen       total 77824K, used 10840K [0x00000006c3000000, 0x00000006c7c00000, 0x000000076bb00000)
  object space 77824K, 13% used [0x00000006c3000000,0x00000006c3a96000,0x00000006c7c00000)
 Metaspace       used 34107K, capacity 36402K, committed 36552K, reserved 1081344K
  class space    used 4555K, capacity 5011K, committed 5120K, reserved 1048576K
Event: 5.620 GC heap after
Heap after GC invocations=12 (full 2):
 PSYoungGen      total 181248K, used 0K [0x000000076bb00000, 0x0000000777a80000, 0x00000007c0000000)
  eden space 172544K, 0% used [0x000000076bb00000,0x000000076bb00000,0x0000000776380000)
  from space 8704K, 0% used [0x0000000777200000,0x0000000777200000,0x0000000777a80000)
  to   space 11776K, 0% used [0x0000000776380000,0x0000000776380000,0x0000000776f00000)
 ParOldGen       total 109056K, used 13919K [0x00000006c3000000, 0x00000006c9a80000, 0x000000076bb00000)
  object space 109056K, 12% used [0x00000006c3000000,0x00000006c3d97ed0,0x00000006c9a80000)
 Metaspace       used 34107K, capacity 36402K, committed 36552K, reserved 1081344K
  class space    used 4555K, capacity 5011K, committed 5120K, reserved 1048576K
}
Event: 7.675 GC heap before
{Heap before GC invocations=13 (full 2):
 PSYoungGen      total 181248K, used 172544K [0x000000076bb00000, 0x0000000777a80000, 0x00000007c0000000)
  eden space 172544K, 100% used [0x000000076bb00000,0x0000000776380000,0x0000000776380000)
  from space 8704K, 0% used [0x0000000777200000,0x0000000777200000,0x0000000777a80000)
  to   space 11776K, 0% used [0x0000000776380000,0x0000000776380000,0x0000000776f00000)
 ParOldGen       total 109056K, used 13919K [0x00000006c3000000, 0x00000006c9a80000, 0x000000076bb00000)
  object space 109056K, 12% used [0x00000006c3000000,0x00000006c3d97ed0,0x00000006c9a80000)
 Metaspace       used 43176K, capacity 46076K, committed 46152K, reserved 1089536K
  class space    used 5747K, capacity 6251K, committed 6272K, reserved 1048576K
Event: 7.687 GC heap after
Heap after GC invocations=13 (full 2):
 PSYoungGen      total 184320K, used 11464K [0x000000076bb00000, 0x0000000777a80000, 0x00000007c0000000)
  eden space 172544K, 0% used [0x000000076bb00000,0x000000076bb00000,0x0000000776380000)
  from space 11776K, 97% used [0x0000000776380000,0x0000000776eb20d8,0x0000000776f00000)
  to   space 8704K, 0% used [0x0000000777200000,0x0000000777200000,0x0000000777a80000)
 ParOldGen       total 109056K, used 13927K [0x00000006c3000000, 0x00000006c9a80000, 0x000000076bb00000)
  object space 109056K, 12% used [0x00000006c3000000,0x00000006c3d99ed0,0x00000006c9a80000)
 Metaspace       used 43176K, capacity 46076K, committed 46152K, reserved 1089536K
  class space    used 5747K, capacity 6251K, committed 6272K, reserved 1048576K
}

